<?xml version="1.0" encoding="UTF-8"?>
<testsuite xmlns:xsi="http://www.w3.org/2001/XMLSchema-instance" xsi:noNamespaceSchemaLocation="https://maven.apache.org/surefire/maven-surefire-plugin/xsd/surefire-test-report.xsd" name="com.itheima.service.BookServiceTest" time="6.41" tests="2" errors="0" skipped="0" failures="0">
  <properties>
[...]
</properties>
  <testcase name="testGetById" classname="com.itheima.service.BookServiceTest" time="2.174"/>
  <testcase name="testGetAll" classname="com.itheima.service.BookServiceTest" time="0.012"/>
</testsuite>